[debug] [2025-01-12T17:53:35.870Z] ----------------------------------------------------------------------
[debug] [2025-01-12T17:53:35.872Z] Command:       /Users/shougaljebreen/.nvm/versions/node/v20.11.0/bin/node /Users/shougaljebreen/.nvm/versions/node/v20.11.0/bin/firebase deploy
[debug] [2025-01-12T17:53:35.872Z] CLI Version:   13.27.0
[debug] [2025-01-12T17:53:35.872Z] Platform:      darwin
[debug] [2025-01-12T17:53:35.872Z] Node Version:  v20.11.0
[debug] [2025-01-12T17:53:35.872Z] Time:          Sun Jan 12 2025 20:53:35 GMT+0300 (GMT+03:00)
[debug] [2025-01-12T17:53:35.872Z] ----------------------------------------------------------------------
[debug] 
[debug] [2025-01-12T17:53:35.902Z] > command requires scopes: ["email","openid","https://www.googleapis.com/auth/cloudplatformprojects.readonly","https://www.googleapis.com/auth/firebase","https://www.googleapis.com/auth/cloud-platform"]
[debug] [2025-01-12T17:53:35.903Z] > authorizing via signed-in user (shougaljebreen@gmail.com)
[debug] [2025-01-12T17:53:35.903Z] [iam] checking project gennews-2e5b4 for permissions ["firebase.projects.get","firebasehosting.sites.update"]
[debug] [2025-01-12T17:53:35.903Z] Checked if tokens are valid: false, expires at: 1736629311943
[debug] [2025-01-12T17:53:35.903Z] Checked if tokens are valid: false, expires at: 1736629311943
[debug] [2025-01-12T17:53:35.903Z] > refreshing access token with scopes: []
[debug] [2025-01-12T17:53:35.904Z] >>> [apiv2][query] POST https://www.googleapis.com/oauth2/v3/token [none]
[debug] [2025-01-12T17:53:35.904Z] >>> [apiv2][body] POST https://www.googleapis.com/oauth2/v3/token [omitted]
[debug] [2025-01-12T17:53:35.923Z] *** [apiv2] error from fetch(https://www.googleapis.com/oauth2/v3/token, {"headers":{},"method":"POST","body":{"_overheadLength":545,"_valueLength":212,"_valuesToMeasure":[],"writable":false,"readable":true,"dataSize":0,"maxDataSize":2097152,"pauseStreams":true,"_released":true,"_streams":[],"_currentStream":null,"_insideLoop":false,"_pendingNext":false,"_boundary":"--------------------------584581798492574170671769","_events":{},"_eventsCount":1}}): FetchError: request to https://www.googleapis.com/oauth2/v3/token failed, reason: getaddrinfo ENOTFOUND www.googleapis.com
[error] Authentication Error: Your credentials are no longer valid. Please run firebase login --reauth

For CI servers and headless environments, generate a new token with firebase login:ci
[debug] [2025-01-12T17:53:35.924Z] [iam] error while checking permissions, command may fail: Authentication Error: Your credentials are no longer valid. Please run firebase login --reauth

For CI servers and headless environments, generate a new token with firebase login:ci
[debug] [2025-01-12T17:53:35.924Z] Checked if tokens are valid: false, expires at: 1736629311943
[debug] [2025-01-12T17:53:35.924Z] Checked if tokens are valid: false, expires at: 1736629311943
[debug] [2025-01-12T17:53:35.924Z] > refreshing access token with scopes: []
[debug] [2025-01-12T17:53:35.924Z] >>> [apiv2][query] POST https://www.googleapis.com/oauth2/v3/token [none]
[debug] [2025-01-12T17:53:35.924Z] >>> [apiv2][body] POST https://www.googleapis.com/oauth2/v3/token [omitted]
[debug] [2025-01-12T17:53:35.927Z] *** [apiv2] error from fetch(https://www.googleapis.com/oauth2/v3/token, {"headers":{},"method":"POST","body":{"_overheadLength":545,"_valueLength":212,"_valuesToMeasure":[],"writable":false,"readable":true,"dataSize":0,"maxDataSize":2097152,"pauseStreams":true,"_released":true,"_streams":[],"_currentStream":null,"_insideLoop":false,"_pendingNext":false,"_boundary":"--------------------------829477488909847433517103","_events":{},"_eventsCount":1}}): FetchError: request to https://www.googleapis.com/oauth2/v3/token failed, reason: getaddrinfo ENOTFOUND www.googleapis.com
[error] Authentication Error: Your credentials are no longer valid. Please run firebase login --reauth

For CI servers and headless environments, generate a new token with firebase login:ci
[debug] [2025-01-12T17:53:35.927Z] Authentication Error: Your credentials are no longer valid. Please run firebase login --reauth

For CI servers and headless environments, generate a new token with firebase login:ci
[error] 
[error] Error: Assertion failed: resolving hosting target of a site with no site name or target name. This should have caused an error earlier
[debug] [2025-01-12T17:56:23.725Z] ----------------------------------------------------------------------
[debug] [2025-01-12T17:56:23.727Z] Command:       /Users/shougaljebreen/.nvm/versions/node/v20.11.0/bin/node /Users/shougaljebreen/.nvm/versions/node/v20.11.0/bin/firebase deploy
[debug] [2025-01-12T17:56:23.727Z] CLI Version:   13.27.0
[debug] [2025-01-12T17:56:23.727Z] Platform:      darwin
[debug] [2025-01-12T17:56:23.727Z] Node Version:  v20.11.0
[debug] [2025-01-12T17:56:23.727Z] Time:          Sun Jan 12 2025 20:56:23 GMT+0300 (GMT+03:00)
[debug] [2025-01-12T17:56:23.727Z] ----------------------------------------------------------------------
[debug] 
[debug] [2025-01-12T17:56:23.758Z] > command requires scopes: ["email","openid","https://www.googleapis.com/auth/cloudplatformprojects.readonly","https://www.googleapis.com/auth/firebase","https://www.googleapis.com/auth/cloud-platform"]
[debug] [2025-01-12T17:56:23.758Z] > authorizing via signed-in user (shougaljebreen@gmail.com)
[debug] [2025-01-12T17:56:23.758Z] [iam] checking project gennews-2e5b4 for permissions ["firebase.projects.get","firebasehosting.sites.update"]
[debug] [2025-01-12T17:56:23.759Z] Checked if tokens are valid: false, expires at: 1736629311943
[debug] [2025-01-12T17:56:23.759Z] Checked if tokens are valid: false, expires at: 1736629311943
[debug] [2025-01-12T17:56:23.759Z] > refreshing access token with scopes: []
[debug] [2025-01-12T17:56:23.759Z] >>> [apiv2][query] POST https://www.googleapis.com/oauth2/v3/token [none]
[debug] [2025-01-12T17:56:23.759Z] >>> [apiv2][body] POST https://www.googleapis.com/oauth2/v3/token [omitted]
[debug] [2025-01-12T17:56:23.779Z] *** [apiv2] error from fetch(https://www.googleapis.com/oauth2/v3/token, {"headers":{},"method":"POST","body":{"_overheadLength":545,"_valueLength":212,"_valuesToMeasure":[],"writable":false,"readable":true,"dataSize":0,"maxDataSize":2097152,"pauseStreams":true,"_released":true,"_streams":[],"_currentStream":null,"_insideLoop":false,"_pendingNext":false,"_boundary":"--------------------------121716958120780934126167","_events":{},"_eventsCount":1}}): FetchError: request to https://www.googleapis.com/oauth2/v3/token failed, reason: getaddrinfo ENOTFOUND www.googleapis.com
[error] Authentication Error: Your credentials are no longer valid. Please run firebase login --reauth

For CI servers and headless environments, generate a new token with firebase login:ci
[debug] [2025-01-12T17:56:23.779Z] [iam] error while checking permissions, command may fail: Authentication Error: Your credentials are no longer valid. Please run firebase login --reauth

For CI servers and headless environments, generate a new token with firebase login:ci
[debug] [2025-01-12T17:56:23.779Z] Checked if tokens are valid: false, expires at: 1736629311943
[debug] [2025-01-12T17:56:23.779Z] Checked if tokens are valid: false, expires at: 1736629311943
[debug] [2025-01-12T17:56:23.779Z] > refreshing access token with scopes: []
[debug] [2025-01-12T17:56:23.779Z] >>> [apiv2][query] POST https://www.googleapis.com/oauth2/v3/token [none]
[debug] [2025-01-12T17:56:23.780Z] >>> [apiv2][body] POST https://www.googleapis.com/oauth2/v3/token [omitted]
[debug] [2025-01-12T17:56:23.783Z] *** [apiv2] error from fetch(https://www.googleapis.com/oauth2/v3/token, {"headers":{},"method":"POST","body":{"_overheadLength":545,"_valueLength":212,"_valuesToMeasure":[],"writable":false,"readable":true,"dataSize":0,"maxDataSize":2097152,"pauseStreams":true,"_released":true,"_streams":[],"_currentStream":null,"_insideLoop":false,"_pendingNext":false,"_boundary":"--------------------------251067676596759519967687","_events":{},"_eventsCount":1}}): FetchError: request to https://www.googleapis.com/oauth2/v3/token failed, reason: getaddrinfo ENOTFOUND www.googleapis.com
[error] Authentication Error: Your credentials are no longer valid. Please run firebase login --reauth

For CI servers and headless environments, generate a new token with firebase login:ci
[debug] [2025-01-12T17:56:23.783Z] Authentication Error: Your credentials are no longer valid. Please run firebase login --reauth

For CI servers and headless environments, generate a new token with firebase login:ci
[error] 
[error] Error: Assertion failed: resolving hosting target of a site with no site name or target name. This should have caused an error earlier
[debug] [2025-01-12T17:58:28.541Z] ----------------------------------------------------------------------
[debug] [2025-01-12T17:58:28.543Z] Command:       /Users/shougaljebreen/.nvm/versions/node/v20.11.0/bin/node /Users/shougaljebreen/.nvm/versions/node/v20.11.0/bin/firebase deploy
[debug] [2025-01-12T17:58:28.543Z] CLI Version:   13.27.0
[debug] [2025-01-12T17:58:28.543Z] Platform:      darwin
[debug] [2025-01-12T17:58:28.543Z] Node Version:  v20.11.0
[debug] [2025-01-12T17:58:28.543Z] Time:          Sun Jan 12 2025 20:58:28 GMT+0300 (GMT+03:00)
[debug] [2025-01-12T17:58:28.543Z] ----------------------------------------------------------------------
[debug] 
[debug] [2025-01-12T17:58:28.574Z] > command requires scopes: ["email","openid","https://www.googleapis.com/auth/cloudplatformprojects.readonly","https://www.googleapis.com/auth/firebase","https://www.googleapis.com/auth/cloud-platform"]
[debug] [2025-01-12T17:58:28.574Z] > authorizing via signed-in user (shougaljebreen@gmail.com)
[debug] [2025-01-12T17:58:28.574Z] [iam] checking project gennews-2e5b4 for permissions ["firebase.projects.get","firebasehosting.sites.update"]
[debug] [2025-01-12T17:58:28.574Z] Checked if tokens are valid: false, expires at: 1736629311943
[debug] [2025-01-12T17:58:28.574Z] Checked if tokens are valid: false, expires at: 1736629311943
[debug] [2025-01-12T17:58:28.574Z] > refreshing access token with scopes: []
[debug] [2025-01-12T17:58:28.575Z] >>> [apiv2][query] POST https://www.googleapis.com/oauth2/v3/token [none]
[debug] [2025-01-12T17:58:28.575Z] >>> [apiv2][body] POST https://www.googleapis.com/oauth2/v3/token [omitted]
[debug] [2025-01-12T17:58:28.594Z] *** [apiv2] error from fetch(https://www.googleapis.com/oauth2/v3/token, {"headers":{},"method":"POST","body":{"_overheadLength":545,"_valueLength":212,"_valuesToMeasure":[],"writable":false,"readable":true,"dataSize":0,"maxDataSize":2097152,"pauseStreams":true,"_released":true,"_streams":[],"_currentStream":null,"_insideLoop":false,"_pendingNext":false,"_boundary":"--------------------------142337001488027055496960","_events":{},"_eventsCount":1}}): FetchError: request to https://www.googleapis.com/oauth2/v3/token failed, reason: getaddrinfo ENOTFOUND www.googleapis.com
[error] Authentication Error: Your credentials are no longer valid. Please run firebase login --reauth

For CI servers and headless environments, generate a new token with firebase login:ci
[debug] [2025-01-12T17:58:28.594Z] [iam] error while checking permissions, command may fail: Authentication Error: Your credentials are no longer valid. Please run firebase login --reauth

For CI servers and headless environments, generate a new token with firebase login:ci
[debug] [2025-01-12T17:58:28.595Z] Checked if tokens are valid: false, expires at: 1736629311943
[debug] [2025-01-12T17:58:28.595Z] Checked if tokens are valid: false, expires at: 1736629311943
[debug] [2025-01-12T17:58:28.595Z] > refreshing access token with scopes: []
[debug] [2025-01-12T17:58:28.595Z] >>> [apiv2][query] POST https://www.googleapis.com/oauth2/v3/token [none]
[debug] [2025-01-12T17:58:28.595Z] >>> [apiv2][body] POST https://www.googleapis.com/oauth2/v3/token [omitted]
[debug] [2025-01-12T17:58:28.598Z] *** [apiv2] error from fetch(https://www.googleapis.com/oauth2/v3/token, {"headers":{},"method":"POST","body":{"_overheadLength":545,"_valueLength":212,"_valuesToMeasure":[],"writable":false,"readable":true,"dataSize":0,"maxDataSize":2097152,"pauseStreams":true,"_released":true,"_streams":[],"_currentStream":null,"_insideLoop":false,"_pendingNext":false,"_boundary":"--------------------------373978018074678061119520","_events":{},"_eventsCount":1}}): FetchError: request to https://www.googleapis.com/oauth2/v3/token failed, reason: getaddrinfo ENOTFOUND www.googleapis.com
[error] Authentication Error: Your credentials are no longer valid. Please run firebase login --reauth

For CI servers and headless environments, generate a new token with firebase login:ci
[debug] [2025-01-12T17:58:28.598Z] Authentication Error: Your credentials are no longer valid. Please run firebase login --reauth

For CI servers and headless environments, generate a new token with firebase login:ci
[error] 
[error] Error: Assertion failed: resolving hosting target of a site with no site name or target name. This should have caused an error earlier
